<?xml version="1.0" encoding="UTF-8"?>
<testng-results ignored="0" total="4" passed="4" failed="0" skipped="0">
  <reporter-output>
  </reporter-output>
  <suite started-at="2024-10-16T11:44:17 IST" name="Default suite" finished-at="2024-10-16T11:44:27 IST" duration-ms="10286">
    <groups>
    </groups>
    <test started-at="2024-10-16T11:44:17 IST" name="Default test" finished-at="2024-10-16T11:44:27 IST" duration-ms="10286">
      <class name="facebook.MultipleClass">
        <test-method is-config="true" signature="preRequisite()[pri:0, instance:facebook.MultipleClass@53fe15ff]" started-at="2024-10-16T11:44:17 IST" name="preRequisite" finished-at="2024-10-16T11:44:27 IST" duration-ms="9741" status="PASS">
          <reporter-output>
          </reporter-output>
        </test-method> <!-- preRequisite -->
        <test-method signature="verifyingLoginFunctionality()[pri:1, instance:facebook.MultipleClass@53fe15ff]" started-at="2024-10-16T11:44:27 IST" name="verifyingLoginFunctionality" finished-at="2024-10-16T11:44:27 IST" duration-ms="147" status="PASS">
          <reporter-output>
          </reporter-output>
        </test-method> <!-- verifyingLoginFunctionality -->
        <test-method signature="verifyingFacebookPageTitle()[pri:2, instance:facebook.MultipleClass@53fe15ff]" started-at="2024-10-16T11:44:27 IST" name="verifyingFacebookPageTitle" finished-at="2024-10-16T11:44:27 IST" duration-ms="14" status="PASS">
          <reporter-output>
          </reporter-output>
        </test-method> <!-- verifyingFacebookPageTitle -->
        <test-method signature="verifyingFacebookPageTitle1()[pri:3, instance:facebook.MultipleClass@53fe15ff]" started-at="2024-10-16T11:44:27 IST" name="verifyingFacebookPageTitle1" finished-at="2024-10-16T11:44:27 IST" duration-ms="17" status="PASS">
          <reporter-output>
          </reporter-output>
        </test-method> <!-- verifyingFacebookPageTitle1 -->
        <test-method signature="verifyingLoginFunctionality1()[pri:4, instance:facebook.MultipleClass@53fe15ff]" started-at="2024-10-16T11:44:27 IST" name="verifyingLoginFunctionality1" finished-at="2024-10-16T11:44:27 IST" duration-ms="81" status="PASS">
          <reporter-output>
          </reporter-output>
        </test-method> <!-- verifyingLoginFunctionality1 -->
        <test-method is-config="true" signature="tearDownConnection()[pri:0, instance:facebook.MultipleClass@53fe15ff]" started-at="2024-10-16T11:44:27 IST" name="tearDownConnection" finished-at="2024-10-16T11:44:27 IST" duration-ms="223" status="PASS">
          <reporter-output>
          </reporter-output>
        </test-method> <!-- tearDownConnection -->
      </class> <!-- facebook.MultipleClass -->
    </test> <!-- Default test -->
  </suite> <!-- Default suite -->
</testng-results>
